[debug] [2017-09-27T17:01:46.024Z] ----------------------------------------------------------------------
[debug] [2017-09-27T17:01:46.028Z] Command:       C:\Program Files\nodejs\node.exe C:\Users\chaos\AppData\Roaming\npm\node_modules\firebase-tools\bin\firebase serve
[debug] [2017-09-27T17:01:46.028Z] CLI Version:   3.12.0
[debug] [2017-09-27T17:01:46.028Z] Platform:      win32
[debug] [2017-09-27T17:01:46.028Z] Node Version:  v6.11.3
[debug] [2017-09-27T17:01:46.029Z] Time:          Wed Sep 27 2017 13:01:46 GMT-0400 (Eastern Daylight Time)
[debug] [2017-09-27T17:01:46.029Z] ----------------------------------------------------------------------
[debug] 
[debug] [2017-09-27T17:01:46.044Z] > command requires scopes: ["email","openid","https://www.googleapis.com/auth/cloudplatformprojects.readonly","https://www.googleapis.com/auth/firebase","https://www.googleapis.com/auth/cloud-platform"]
[debug] [2017-09-27T17:01:46.044Z] > authorizing via signed-in user
[debug] [2017-09-27T17:01:46.045Z] > refreshing access token with scopes: ["email","https://www.googleapis.com/auth/cloud-platform","https://www.googleapis.com/auth/cloudplatformprojects.readonly","https://www.googleapis.com/auth/firebase","openid"]
[debug] [2017-09-27T17:01:46.046Z] >>> HTTP REQUEST POST https://www.googleapis.com/oauth2/v3/token { refresh_token: '1/C_resQ_K1mTGOxiCCYa2WtXlYXlS8BJq6qrVxT-tFwo',
  client_id: '563584335869-fgrhgmd47bqnekij5i8b5pr03ho849e6.apps.googleusercontent.com',
  client_secret: 'j9iVZfS8kkCEFUPaAeJV0sAi',
  grant_type: 'refresh_token',
  scope: 'email https://www.googleapis.com/auth/cloud-platform https://www.googleapis.com/auth/cloudplatformprojects.readonly https://www.googleapis.com/auth/firebase openid' } 
 Wed Sep 27 2017 13:01:46 GMT-0400 (Eastern Daylight Time)
[debug] [2017-09-27T17:01:46.206Z] <<< HTTP RESPONSE 200
[debug] [2017-09-27T17:01:46.218Z] >>> HTTP REQUEST GET https://admin.firebase.com/v1/projects/lifting-test-1  
 Wed Sep 27 2017 13:01:46 GMT-0400 (Eastern Daylight Time)
[debug] [2017-09-27T17:01:46.555Z] <<< HTTP RESPONSE 200
[debug] [2017-09-27T17:01:46.557Z] >>> HTTP REQUEST GET https://admin.firebase.com/v1/database/lifting-test-1/tokens  
 Wed Sep 27 2017 13:01:46 GMT-0400 (Eastern Daylight Time)
[debug] [2017-09-27T17:01:46.934Z] <<< HTTP RESPONSE 200
[info] 
[info] === Serving from 'C:\Users\chaos\Desktop\Firebase'...
[info] 
[debug] [2017-09-27T17:01:46.944Z] >>> HTTP REQUEST GET https://cloudresourcemanager.googleapis.com/v1/projects/lifting-test-1  
 Wed Sep 27 2017 13:01:46 GMT-0400 (Eastern Daylight Time)
[debug] [2017-09-27T17:01:47.197Z] <<< HTTP RESPONSE 200
[debug] [2017-09-27T17:01:47.198Z] >>> HTTP REQUEST GET https://mobilesdk-pa.googleapis.com/v1/projects/669558100073/clients/_:getWebAppConfig  
 Wed Sep 27 2017 13:01:47 GMT-0400 (Eastern Daylight Time)
[debug] [2017-09-27T17:01:47.478Z] <<< HTTP RESPONSE 200
[info] i  hosting: Serving hosting files from: public
[info] +  hosting: Local server: http://localhost:5000

[info] Shutting down...
[debug] [2017-09-27T17:15:40.546Z] ----------------------------------------------------------------------
[debug] [2017-09-27T17:15:40.548Z] Command:       C:\Program Files\nodejs\node.exe C:\Users\chaos\AppData\Roaming\npm\node_modules\firebase-tools\bin\firebase serve
[debug] [2017-09-27T17:15:40.548Z] CLI Version:   3.12.0
[debug] [2017-09-27T17:15:40.548Z] Platform:      win32
[debug] [2017-09-27T17:15:40.548Z] Node Version:  v6.11.3
[debug] [2017-09-27T17:15:40.548Z] Time:          Wed Sep 27 2017 13:15:40 GMT-0400 (Eastern Daylight Time)
[debug] [2017-09-27T17:15:40.549Z] ----------------------------------------------------------------------
[debug] 
[debug] [2017-09-27T17:15:40.558Z] > command requires scopes: ["email","openid","https://www.googleapis.com/auth/cloudplatformprojects.readonly","https://www.googleapis.com/auth/firebase","https://www.googleapis.com/auth/cloud-platform"]
[debug] [2017-09-27T17:15:40.558Z] > authorizing via signed-in user
[debug] [2017-09-27T17:15:40.560Z] >>> HTTP REQUEST GET https://admin.firebase.com/v1/projects/lifting-test-1  
 Wed Sep 27 2017 13:15:40 GMT-0400 (Eastern Daylight Time)
[debug] [2017-09-27T17:15:40.908Z] <<< HTTP RESPONSE 200
[debug] [2017-09-27T17:15:40.910Z] >>> HTTP REQUEST GET https://admin.firebase.com/v1/database/lifting-test-1/tokens  
 Wed Sep 27 2017 13:15:40 GMT-0400 (Eastern Daylight Time)
[debug] [2017-09-27T17:15:41.362Z] <<< HTTP RESPONSE 200
[info] 
[info] === Serving from 'C:\Users\chaos\Desktop\Firebase\firebase_lifting'...
[info] 
[debug] [2017-09-27T17:15:41.377Z] >>> HTTP REQUEST GET https://cloudresourcemanager.googleapis.com/v1/projects/lifting-test-1  
 Wed Sep 27 2017 13:15:41 GMT-0400 (Eastern Daylight Time)
[debug] [2017-09-27T17:15:41.602Z] <<< HTTP RESPONSE 200
[debug] [2017-09-27T17:15:41.603Z] >>> HTTP REQUEST GET https://mobilesdk-pa.googleapis.com/v1/projects/669558100073/clients/_:getWebAppConfig  
 Wed Sep 27 2017 13:15:41 GMT-0400 (Eastern Daylight Time)
[debug] [2017-09-27T17:15:41.851Z] <<< HTTP RESPONSE 200
[info] i  hosting: Serving hosting files from: public
[info] +  hosting: Local server: http://localhost:5000

